#
# There is insufficient memory for the Java Runtime Environment to continue.
# Native memory allocation (mmap) failed to map 67108864 bytes for G1 virtual space
# Possible reasons:
#   The system is out of physical RAM or swap space
#   The process is running with CompressedOops enabled, and the Java Heap may be blocking the growth of the native heap
# Possible solutions:
#   Reduce memory load on the system
#   Increase physical memory or swap space
#   Check if swap backing store is full
#   Decrease Java heap size (-Xmx/-Xms)
#   Decrease number of Java threads
#   Decrease Java thread stack sizes (-Xss)
#   Set larger code cache with -XX:ReservedCodeCacheSize=
#   JVM is running with Unscaled Compressed Oops mode in which the Java heap is
#     placed in the first 4GB address space. The Java Heap base address is the
#     maximum limit for the native heap growth. Please use -XX:HeapBaseMinAddress
#     to set the Java Heap base and to place the Java Heap above 4GB virtual address.
# This output file may be truncated or incomplete.
#
#  Out of Memory Error (os_windows.cpp:3548), pid=9036, tid=16348
#
# JRE version:  (17.0.10+11) (build )
# Java VM: Java HotSpot(TM) 64-Bit Server VM (17.0.10+11-LTS-240, mixed mode, sharing, tiered, compressed oops, compressed class ptrs, g1 gc, windows-amd64)
# No core dump will be written. Minidumps are not enabled by default on client versions of Windows
#

---------------  S U M M A R Y ------------

Command Line: -Xmx64m -Xms64m -Dorg.gradle.appname=gradlew org.gradle.wrapper.GradleWrapperMain app:installDebug -PreactNativeDevServerPort=8081

Host: Intel(R) Core(TM) i5-7300U CPU @ 2.60GHz, 4 cores, 7G,  Windows 10 , 64 bit Build 19041 (10.0.19041.3155)
Time: Sun Oct 27 12:50:02 2024 Pakistan Standard Time elapsed time: 0.015565 seconds (0d 0h 0m 0s)

---------------  T H R E A D  ---------------

Current thread (0x000001507af81ad0):  JavaThread "Unknown thread" [_thread_in_vm, id=16348, stack(0x00000044ce100000,0x00000044ce200000)]

Stack: [0x00000044ce100000,0x00000044ce200000]
Native frames: (J=compiled Java code, j=interpreted, Vv=VM code, C=native code)
V  [jvm.dll+0x677a5a]
V  [jvm.dll+0x7d8b2d]
V  [jvm.dll+0x7da48e]
V  [jvm.dll+0x7daaf3]
V  [jvm.dll+0x2455ff]
V  [jvm.dll+0x6749b9]
V  [jvm.dll+0x669382]
V  [jvm.dll+0x302e96]
V  [jvm.dll+0x30a416]
V  [jvm.dll+0x359cbe]
V  [jvm.dll+0x359eef]
V  [jvm.dll+0x2d9e88]
V  [jvm.dll+0x2dadf4]
V  [jvm.dll+0x7aa551]
V  [jvm.dll+0x367911]
V  [jvm.dll+0x789639]
V  [jvm.dll+0x3eb30f]
V  [jvm.dll+0x3ecd91]
C  [jli.dll+0x5297]
C  [ucrtbase.dll+0x21bb2]
C  [KERNEL32.DLL+0x17614]
C  [ntdll.dll+0x526b1]


---------------  P R O C E S S  ---------------

Threads class SMR info:
_java_thread_list=0x00007ff8254c6a18, length=0, elements={
}

Java Threads: ( => current thread )

Other Threads:
  0x000001507afa1840 GCTaskThread "GC Thread#0" [stack: 0x00000044ce200000,0x00000044ce300000] [id=9828]
  0x000001507afa2f90 ConcurrentGCThread "G1 Main Marker" [stack: 0x00000044ce300000,0x00000044ce400000] [id=3064]
  0x000001507afa39a0 ConcurrentGCThread "G1 Conc#0" [stack: 0x00000044ce400000,0x00000044ce500000] [id=10864]

[error occurred during error reporting (printing all threads), id 0xc0000005, EXCEPTION_ACCESS_VIOLATION (0xc0000005) at pc=0x00007ff824cfaae7]

VM state: not at safepoint (not fully initialized)

VM Mutex/Monitor currently owned by a thread:  ([mutex/lock_event])
[0x000001507af7dab0] Heap_lock - owner thread: 0x000001507af81ad0

Heap address: 0x00000000fc000000, size: 64 MB, Compressed Oops mode: 32-bit

CDS archive(s) mapped at: [0x0000000000000000-0x0000000000000000-0x0000000000000000), size 0, SharedBaseAddress: 0x0000000800000000, ArchiveRelocationMode: 1.
Narrow klass base: 0x0000000000000000, Narrow klass shift: 0, Narrow klass range: 0x0

GC Precious Log:
<Empty>

Heap:
 garbage-first heap   total 0K, used 0K [0x00000000fc000000, 0x0000000100000000)
  region size 1024K, 0 young (0K), 0 survivors (0K)

[error occurred during error reporting (printing heap information), id 0xc0000005, EXCEPTION_ACCESS_VIOLATION (0xc0000005) at pc=0x00007ff8250e1249]

GC Heap History (0 events):
No events

Deoptimization events (0 events):
No events

Classes unloaded (0 events):
No events

Classes redefined (0 events):
No events

Internal exceptions (0 events):
No events

VM Operations (0 events):
No events

Events (1 events):
Event: 0.008 Loaded shared library C:\Program Files\Java\jdk-17\bin\java.dll


Dynamic libraries:
0x00007ff62c200000 - 0x00007ff62c210000 	C:\Program Files\Java\jdk-17\bin\java.exe
0x00007ff86feb0000 - 0x00007ff8700a8000 	C:\Windows\SYSTEM32\ntdll.dll
0x00007ff86fce0000 - 0x00007ff86fd9f000 	C:\Windows\System32\KERNEL32.DLL
0x00007ff86d650000 - 0x00007ff86d946000 	C:\Windows\System32\KERNELBASE.dll
0x00007ff86dac0000 - 0x00007ff86dbc0000 	C:\Windows\System32\ucrtbase.dll
0x00007ff852b80000 - 0x00007ff852b99000 	C:\Program Files\Java\jdk-17\bin\jli.dll
0x00007ff86f7e0000 - 0x00007ff86f88f000 	C:\Windows\System32\ADVAPI32.dll
0x00007ff86e360000 - 0x00007ff86e3fe000 	C:\Windows\System32\msvcrt.dll
0x00007ff86e2c0000 - 0x00007ff86e35c000 	C:\Windows\System32\sechost.dll
0x00007ff86e9d0000 - 0x00007ff86eaf6000 	C:\Windows\System32\RPCRT4.dll
0x00007ff86f8f0000 - 0x00007ff86fa8d000 	C:\Windows\System32\USER32.dll
0x00007ff86ddc0000 - 0x00007ff86dde2000 	C:\Windows\System32\win32u.dll
0x00007ff86e590000 - 0x00007ff86e5bc000 	C:\Windows\System32\GDI32.dll
0x00007ff86ddf0000 - 0x00007ff86df05000 	C:\Windows\System32\gdi32full.dll
0x00007ff86dd20000 - 0x00007ff86ddbd000 	C:\Windows\System32\msvcp_win.dll
0x00007ff851890000 - 0x00007ff8518ab000 	C:\Program Files\Java\jdk-17\bin\VCRUNTIME140.dll
0x00007ff851f20000 - 0x00007ff8521ba000 	C:\Windows\WinSxS\amd64_microsoft.windows.common-controls_6595b64144ccf1df_6.0.19041.1110_none_60b5254171f9507e\COMCTL32.dll
0x00007ff8642c0000 - 0x00007ff8642ca000 	C:\Windows\SYSTEM32\VERSION.dll
0x00007ff86e0c0000 - 0x00007ff86e0f0000 	C:\Windows\System32\IMM32.DLL
0x00007ff856040000 - 0x00007ff85604c000 	C:\Program Files\Java\jdk-17\bin\vcruntime140_1.dll
0x00007ff82f7c0000 - 0x00007ff82f84e000 	C:\Program Files\Java\jdk-17\bin\msvcp140.dll
0x00007ff824a10000 - 0x00007ff8255ef000 	C:\Program Files\Java\jdk-17\bin\server\jvm.dll
0x00007ff86f7d0000 - 0x00007ff86f7d8000 	C:\Windows\System32\PSAPI.DLL
0x00007ff854f60000 - 0x00007ff854f69000 	C:\Windows\SYSTEM32\WSOCK32.dll
0x00007ff853900000 - 0x00007ff853927000 	C:\Windows\SYSTEM32\WINMM.dll
0x00007ff86fda0000 - 0x00007ff86fe0b000 	C:\Windows\System32\WS2_32.dll
0x00007ff86bd80000 - 0x00007ff86bd92000 	C:\Windows\SYSTEM32\kernel.appcore.dll
0x00007ff84bd10000 - 0x00007ff84bd1a000 	C:\Program Files\Java\jdk-17\bin\jimage.dll
0x00007ff863d70000 - 0x00007ff863f54000 	C:\Windows\SYSTEM32\DBGHELP.DLL
0x00007ff852590000 - 0x00007ff8525c4000 	C:\Windows\SYSTEM32\dbgcore.DLL
0x00007ff86d5c0000 - 0x00007ff86d642000 	C:\Windows\System32\bcryptPrimitives.dll
0x00007ff84b6d0000 - 0x00007ff84b6f5000 	C:\Program Files\Java\jdk-17\bin\java.dll

dbghelp: loaded successfully - version: 4.0.5 - missing functions: none
symbol engine: initialized successfully - sym options: 0x614 - pdb path: .;C:\Program Files\Java\jdk-17\bin;C:\Windows\SYSTEM32;C:\Windows\WinSxS\amd64_microsoft.windows.common-controls_6595b64144ccf1df_6.0.19041.1110_none_60b5254171f9507e;C:\Program Files\Java\jdk-17\bin\server

VM Arguments:
jvm_args: -Xmx64m -Xms64m -Dorg.gradle.appname=gradlew 
java_command: org.gradle.wrapper.GradleWrapperMain app:installDebug -PreactNativeDevServerPort=8081
java_class_path (initial): D:\FIVERR\riderApp\android\\gradle\wrapper\gradle-wrapper.jar
Launcher Type: SUN_STANDARD

[Global flags]
     intx CICompilerCount                          = 3                                         {product} {ergonomic}
     uint ConcGCThreads                            = 1                                         {product} {ergonomic}
     uint G1ConcRefinementThreads                  = 4                                         {product} {ergonomic}
   size_t G1HeapRegionSize                         = 1048576                                   {product} {ergonomic}
    uintx GCDrainStackTargetSize                   = 64                                        {product} {ergonomic}
   size_t InitialHeapSize                          = 67108864                                  {product} {command line}
   size_t MarkStackSize                            = 4194304                                   {product} {ergonomic}
   size_t MaxHeapSize                              = 67108864                                  {product} {command line}
   size_t MinHeapDeltaBytes                        = 1048576                                   {product} {ergonomic}
   size_t MinHeapSize                              = 67108864                                  {product} {command line}
    uintx NonNMethodCodeHeapSize                   = 5832780                                {pd product} {ergonomic}
    uintx NonProfiledCodeHeapSize                  = 122912730                              {pd product} {ergonomic}
    uintx ProfiledCodeHeapSize                     = 122912730                              {pd product} {ergonomic}
    uintx ReservedCodeCacheSize                    = 251658240                              {pd product} {ergonomic}
     bool SegmentedCodeCache                       = true                                      {product} {ergonomic}
   size_t SoftMaxHeapSize                          = 67108864                               {manageable} {ergonomic}
     bool UseCompressedClassPointers               = true                           {product lp64_product} {ergonomic}
     bool UseCompressedOops                        = true                           {product lp64_product} {ergonomic}
     bool UseG1GC                                  = true                                      {product} {ergonomic}
     bool UseLargePagesIndividualAllocation        = false                                  {pd product} {ergonomic}

Logging:
Log output configuration:
 #0: stdout all=warning uptime,level,tags
 #1: stderr all=off uptime,level,tags

Environment Variables:
JAVA_HOME=C:\Program Files\Java\jdk-17
CLASSPATH=D:\FIVERR\riderApp\android\\gradle\wrapper\gradle-wrapper.jar
PATH=D:\FIVERR\riderApp\node_modules\.bin;D:\FIVERR\riderApp\node_modules\.bin;D:\FIVERR\node_modules\.bin;D:\node_modules\.bin;C:\Users\Administrator\AppData\Roaming\npm\node_modules\npm\node_modules\@npmcli\run-script\lib\node-gyp-bin;D:\FIVERR\riderApp\node_modules\.bin;D:\FIVERR\riderApp\node_modules\.bin;D:\FIVERR\node_modules\.bin;D:\node_modules\.bin;C:\Users\Administrator\AppData\Roaming\npm\node_modules\npm\node_modules\@npmcli\run-script\lib\node-gyp-bin;C:\Users\ADMINI~1\AppData\Local\Temp\xfs-3f18d294;C:\Ruby32-x64\bin;C:\Program Files\Common Files\Oracle\Java\javapath;C:\Windows\system32;C:\Windows;C:\Windows\System32\Wbem;C:\Windows\System32\WindowsPowerShell\v1.0\;C:\Windows\System32\OpenSSH\;C:\ProgramData\chocolatey\bin;C:\Users\Administrator\AppData\Local\Android\Sdk\platform-tools;C:\Program Files\Java\jdk-17;C:\Program Files\Git\cmd;C:\Program Files\Git\bin;C:\Users\Administrator\AppData\Roaming\nvm;C:\Program Files\nodejs;C:\Users\Administrator\AppData\Local\Microsoft\WindowsApps;C:\Users\Administrator\AppData\Roaming\npm;C:\Users\Administrator\AppData\Local\Android\Sdk\platform-tools;C:\Program Files\Java\jdk-17;C:\Program Files\Git\bin;C:\Users\Administrator\AppData\Local\Programs\Microsoft VS Code\bin;C:\Users\Administrator\AppData\Roaming\nvm;C:\Program Files\nodejs;C:\Users\Administrator\AppData\Local\GitHubDesktop\bin
USERNAME=Fast Computers
LANG=en_US.UTF-8
OS=Windows_NT
PROCESSOR_IDENTIFIER=Intel64 Family 6 Model 142 Stepping 9, GenuineIntel



---------------  S Y S T E M  ---------------

OS:
 Windows 10 , 64 bit Build 19041 (10.0.19041.3155)
OS uptime: 0 days 2:18 hours
Hyper-V role detected

CPU: total 4 (initial active 4) (2 cores per cpu, 2 threads per core) family 6 model 142 stepping 9 microcode 0xb4, cx8, cmov, fxsr, ht, mmx, 3dnowpref, sse, sse2, sse3, ssse3, sse4.1, sse4.2, popcnt, lzcnt, tsc, tscinvbit, avx, avx2, aes, erms, clmul, bmi1, bmi2, rtm, adx, fma, vzeroupper, clflush, clflushopt, hv

Memory: 4k page, system-wide physical 8071M (877M free)
TotalPageFile size 11092M (AvailPageFile size 62M)
current process WorkingSet (physical memory assigned to process): 10M, peak: 10M
current process commit charge ("private bytes"): 51M, peak: 115M

vm_info: Java HotSpot(TM) 64-Bit Server VM (17.0.10+11-LTS-240) for windows-amd64 JRE (17.0.10+11-LTS-240), built on Dec 19 2023 21:47:25 by "mach5one" with MS VC++ 17.1 (VS2022)

END.
